<?xml version="1.0" encoding="UTF-8"?>
<testsuite xmlns:xsi="http://www.w3.org/2001/XMLSchema-instance" xsi:noNamespaceSchemaLocation="https://maven.apache.org/surefire/maven-surefire-plugin/xsd/surefire-test-report.xsd" version="3.0.2" name="com.inditex.suppliers.infrastructure.CandidateLifecycleIT" time="0.001" tests="4" errors="0" skipped="4" failures="0" flakes="0">
  <properties>
[...]
</properties>
  <testcase name="create_accept_read_list_and_ban_full_lifecycle" classname="com.inditex.suppliers.infrastructure.CandidateLifecycleIT" time="0.0">
    <skipped message="@EnabledIf(&quot;dockerAvailable&quot;) evaluated to false"/>
    <system-out><![CDATA[12:08:48.216 [main] INFO org.testcontainers.images.PullPolicy -- Image pull policy will be performed by: DefaultPullPolicy()
12:08:48.217 [main] INFO org.testcontainers.utility.ImageNameSubstitutor -- Image name substitution will be performed by: DefaultImageNameSubstitutor (composite of 'ConfigurationFileImageNameSubstitutor' and 'PrefixingImageNameSubstitutor')
12:08:48.240 [main] INFO org.testcontainers.DockerClientFactory -- Testcontainers version: 2.0.5
12:08:48.435 [main] INFO org.testcontainers.dockerclient.DockerMachineClientProviderStrategy -- docker-machine executable was not found on PATH ([/opt/homebrew/bin, /usr/bin, /bin, /usr/sbin, /sbin, /usr/local/bin, /usr/local/jamf/bin])
12:08:48.436 [main] ERROR org.testcontainers.dockerclient.DockerClientProviderStrategy -- Could not find a valid Docker environment. Please check configuration. Attempted configurations were:
	UnixSocketClientProviderStrategy: failed with exception InvalidConfigurationException (Could not find unix domain socket). Root cause NoSuchFileException (/var/run/docker.sock)
	DockerDesktopClientProviderStrategy: failed with exception NullPointerException (Cannot invoke "java.nio.file.Path.toString()" because the return value of "org.testcontainers.dockerclient.DockerDesktopClientProviderStrategy.getSocketPath()" is null)As no valid configuration was found, execution cannot continue.
See https://java.testcontainers.org/on_failure.html for more details.
]]></system-out>
  </testcase>
  <testcase name="keyset_pagination_returns_opaque_cursor_when_more_pages" classname="com.inditex.suppliers.infrastructure.CandidateLifecycleIT" time="0.0">
    <skipped message="@EnabledIf(&quot;dockerAvailable&quot;) evaluated to false"/>
  </testcase>
  <testcase name="candidate_in_banned_country_is_rejected_with_422" classname="com.inditex.suppliers.infrastructure.CandidateLifecycleIT" time="0.0">
    <skipped message="@EnabledIf(&quot;dockerAvailable&quot;) evaluated to false"/>
  </testcase>
  <testcase name="openapi_descriptor_is_exposed_at_runtime" classname="com.inditex.suppliers.infrastructure.CandidateLifecycleIT" time="0.0">
    <skipped message="@EnabledIf(&quot;dockerAvailable&quot;) evaluated to false"/>
  </testcase>
</testsuite>